   1               		.file	"queue.c"
   2               	__SP_H__ = 0x3e
   3               	__SP_L__ = 0x3d
   4               	__SREG__ = 0x3f
   5               	__tmp_reg__ = 0
   6               	__zero_reg__ = 1
   7               		.text
   9               	prvIsQueueEmpty:
  10               	/* prologue: function */
  11               	/* frame size = 0 */
  12               	/* stack size = 0 */
  13               	.L__stack_usage = 0
  14 0000 E82F      		mov r30,r24
  15 0002 F92F      		mov r31,r25
  16               	/* #APP */
  17               	 ;  2403 "FreeRTOS\queue.c" 1
  18 0004 0FB6      		in		__tmp_reg__, __SREG__
  19               	 ;  0 "" 2
  20               	 ;  2403 "FreeRTOS\queue.c" 1
  21 0006 F894      		cli
  22               	 ;  0 "" 2
  23               	 ;  2403 "FreeRTOS\queue.c" 1
  24 0008 0F92      		push	__tmp_reg__
  25               	 ;  0 "" 2
  26               	/* #NOAPP */
  27 000a 928D      		ldd r25,Z+26
  28               	/* #APP */
  29               	 ;  2414 "FreeRTOS\queue.c" 1
  30 000c 0F90      		pop		__tmp_reg__
  31               	 ;  0 "" 2
  32               	 ;  2414 "FreeRTOS\queue.c" 1
  33 000e 0FBE      		out		__SREG__, __tmp_reg__
  34               	 ;  0 "" 2
  35               	/* #NOAPP */
  36 0010 81E0      		ldi r24,lo8(1)
  37 0012 9111      		cpse r25,__zero_reg__
  38 0014 80E0      		ldi r24,0
  39               	.L2:
  40               	/* epilogue start */
  41 0016 0895      		ret
  44               	prvCopyDataToQueue:
  45 0018 0F93      		push r16
  46 001a 1F93      		push r17
  47 001c CF93      		push r28
  48 001e DF93      		push r29
  49               	/* prologue: function */
  50               	/* frame size = 0 */
  51               	/* stack size = 4 */
  52               	.L__stack_usage = 4
  53 0020 C82F      		mov r28,r24
  54 0022 D92F      		mov r29,r25
  55 0024 042F      		mov r16,r20
  56 0026 1A8D      		ldd r17,Y+26
  57 0028 8C8D      		ldd r24,Y+28
  58 002a 8823      		tst r24
  59 002c 01F0      		breq .L4
  60 002e 4111      		cpse r20,__zero_reg__
  61 0030 00C0      		rjmp .L5
  62 0032 482F      		mov r20,r24
  63 0034 50E0      		ldi r21,0
  64 0036 8A81      		ldd r24,Y+2
  65 0038 9B81      		ldd r25,Y+3
  66 003a 0E94 0000 		call memcpy
  67 003e 2C8D      		ldd r18,Y+28
  68 0040 8A81      		ldd r24,Y+2
  69 0042 9B81      		ldd r25,Y+3
  70 0044 820F      		add r24,r18
  71 0046 911D      		adc r25,__zero_reg__
  72 0048 9B83      		std Y+3,r25
  73 004a 8A83      		std Y+2,r24
  74 004c 2C81      		ldd r18,Y+4
  75 004e 3D81      		ldd r19,Y+5
  76 0050 8217      		cp r24,r18
  77 0052 9307      		cpc r25,r19
  78 0054 00F0      		brlo .L4
  79 0056 8881      		ld r24,Y
  80 0058 9981      		ldd r25,Y+1
  81 005a 9B83      		std Y+3,r25
  82 005c 8A83      		std Y+2,r24
  83 005e 00C0      		rjmp .L4
  84               	.L5:
  85 0060 482F      		mov r20,r24
  86 0062 50E0      		ldi r21,0
  87 0064 8E81      		ldd r24,Y+6
  88 0066 9F81      		ldd r25,Y+7
  89 0068 0E94 0000 		call memcpy
  90 006c 2C8D      		ldd r18,Y+28
  91 006e 30E0      		ldi r19,0
  92 0070 4427      		clr r20
  93 0072 5527      		clr r21
  94 0074 421B      		sub r20,r18
  95 0076 530B      		sbc r21,r19
  96 0078 8E81      		ldd r24,Y+6
  97 007a 9F81      		ldd r25,Y+7
  98 007c 821B      		sub r24,r18
  99 007e 930B      		sbc r25,r19
 100 0080 9F83      		std Y+7,r25
 101 0082 8E83      		std Y+6,r24
 102 0084 2881      		ld r18,Y
 103 0086 3981      		ldd r19,Y+1
 104 0088 8217      		cp r24,r18
 105 008a 9307      		cpc r25,r19
 106 008c 00F4      		brsh .L6
 107 008e 8C81      		ldd r24,Y+4
 108 0090 9D81      		ldd r25,Y+5
 109 0092 840F      		add r24,r20
 110 0094 951F      		adc r25,r21
 111 0096 9F83      		std Y+7,r25
 112 0098 8E83      		std Y+6,r24
 113               	.L6:
 114 009a 0230      		cpi r16,lo8(2)
 115 009c 01F0      		breq .L7
 116               	.L4:
 117 009e 1F5F      		subi r17,lo8(-(1))
 118 00a0 1A8F      		std Y+26,r17
 119 00a2 80E0      		ldi r24,0
 120               	/* epilogue start */
 121 00a4 DF91      		pop r29
 122 00a6 CF91      		pop r28
 123 00a8 1F91      		pop r17
 124 00aa 0F91      		pop r16
 125 00ac 0895      		ret
 126               	.L7:
 127 00ae 1123      		tst r17
 128 00b0 01F0      		breq .L4
 129 00b2 1150      		subi r17,lo8(-(-1))
 130 00b4 00C0      		rjmp .L4
 133               	prvCopyDataFromQueue:
 134               	/* prologue: function */
 135               	/* frame size = 0 */
 136               	/* stack size = 0 */
 137               	.L__stack_usage = 0
 138 00b6 E82F      		mov r30,r24
 139 00b8 F92F      		mov r31,r25
 140 00ba 862F      		mov r24,r22
 141 00bc 972F      		mov r25,r23
 142 00be 448D      		ldd r20,Z+28
 143 00c0 4423      		tst r20
 144 00c2 01F0      		breq .L8
 145 00c4 50E0      		ldi r21,0
 146 00c6 2681      		ldd r18,Z+6
 147 00c8 3781      		ldd r19,Z+7
 148 00ca 240F      		add r18,r20
 149 00cc 351F      		adc r19,r21
 150 00ce 3783      		std Z+7,r19
 151 00d0 2683      		std Z+6,r18
 152 00d2 6481      		ldd r22,Z+4
 153 00d4 7581      		ldd r23,Z+5
 154 00d6 2617      		cp r18,r22
 155 00d8 3707      		cpc r19,r23
 156 00da 00F0      		brlo .L10
 157 00dc 2081      		ld r18,Z
 158 00de 3181      		ldd r19,Z+1
 159 00e0 3783      		std Z+7,r19
 160 00e2 2683      		std Z+6,r18
 161               	.L10:
 162 00e4 6681      		ldd r22,Z+6
 163 00e6 7781      		ldd r23,Z+7
 164 00e8 0E94 0000 		call memcpy
 165               	.L8:
 166               	/* epilogue start */
 167 00ec 0895      		ret
 170               	prvUnlockQueue:
 171 00ee EF92      		push r14
 172 00f0 FF92      		push r15
 173 00f2 0F93      		push r16
 174 00f4 1F93      		push r17
 175 00f6 CF93      		push r28
 176               	/* prologue: function */
 177               	/* frame size = 0 */
 178               	/* stack size = 5 */
 179               	.L__stack_usage = 5
 180 00f8 082F      		mov r16,r24
 181 00fa 192F      		mov r17,r25
 182               	/* #APP */
 183               	 ;  2287 "FreeRTOS\queue.c" 1
 184 00fc 0FB6      		in		__tmp_reg__, __SREG__
 185               	 ;  0 "" 2
 186               	 ;  2287 "FreeRTOS\queue.c" 1
 187 00fe F894      		cli
 188               	 ;  0 "" 2
 189               	 ;  2287 "FreeRTOS\queue.c" 1
 190 0100 0F92      		push	__tmp_reg__
 191               	 ;  0 "" 2
 192               	/* #NOAPP */
 193 0102 F801      		movw r30,r16
 194 0104 C68D      		ldd r28,Z+30
 195 0106 1C16      		cp __zero_reg__,r28
 196 0108 04F4      		brge .L12
 197 010a 7801      		movw r14,r16
 198 010c F1E1      		ldi r31,17
 199 010e EF0E      		add r14,r31
 200 0110 F11C      		adc r15,__zero_reg__
 201 0112 00C0      		rjmp .L14
 202               	.L13:
 203 0114 C150      		subi r28,lo8(-(-1))
 204 0116 CC23      		tst r28
 205 0118 01F0      		breq .L12
 206               	.L14:
 207 011a F801      		movw r30,r16
 208 011c 8189      		ldd r24,Z+17
 209 011e 8823      		tst r24
 210 0120 01F0      		breq .L12
 211 0122 C701      		movw r24,r14
 212 0124 0E94 0000 		call xTaskRemoveFromEventList
 213 0128 8823      		tst r24
 214 012a 01F0      		breq .L13
 215 012c 0E94 0000 		call vTaskMissedYield
 216 0130 00C0      		rjmp .L13
 217               	.L12:
 218 0132 8FEF      		ldi r24,lo8(-1)
 219 0134 F801      		movw r30,r16
 220 0136 868F      		std Z+30,r24
 221               	/* #APP */
 222               	 ;  2365 "FreeRTOS\queue.c" 1
 223 0138 0F90      		pop		__tmp_reg__
 224               	 ;  0 "" 2
 225               	 ;  2365 "FreeRTOS\queue.c" 1
 226 013a 0FBE      		out		__SREG__, __tmp_reg__
 227               	 ;  0 "" 2
 228               	 ;  2368 "FreeRTOS\queue.c" 1
 229 013c 0FB6      		in		__tmp_reg__, __SREG__
 230               	 ;  0 "" 2
 231               	 ;  2368 "FreeRTOS\queue.c" 1
 232 013e F894      		cli
 233               	 ;  0 "" 2
 234               	 ;  2368 "FreeRTOS\queue.c" 1
 235 0140 0F92      		push	__tmp_reg__
 236               	 ;  0 "" 2
 237               	/* #NOAPP */
 238 0142 C58D      		ldd r28,Z+29
 239 0144 1C16      		cp __zero_reg__,r28
 240 0146 04F4      		brge .L15
 241 0148 7801      		movw r14,r16
 242 014a F8E0      		ldi r31,8
 243 014c EF0E      		add r14,r31
 244 014e F11C      		adc r15,__zero_reg__
 245 0150 00C0      		rjmp .L17
 246               	.L16:
 247 0152 C150      		subi r28,lo8(-(-1))
 248 0154 CC23      		tst r28
 249 0156 01F0      		breq .L15
 250               	.L17:
 251 0158 F801      		movw r30,r16
 252 015a 8085      		ldd r24,Z+8
 253 015c 8823      		tst r24
 254 015e 01F0      		breq .L15
 255 0160 C701      		movw r24,r14
 256 0162 0E94 0000 		call xTaskRemoveFromEventList
 257 0166 8823      		tst r24
 258 0168 01F0      		breq .L16
 259 016a 0E94 0000 		call vTaskMissedYield
 260 016e 00C0      		rjmp .L16
 261               	.L15:
 262 0170 8FEF      		ldi r24,lo8(-1)
 263 0172 F801      		movw r30,r16
 264 0174 858F      		std Z+29,r24
 265               	/* #APP */
 266               	 ;  2395 "FreeRTOS\queue.c" 1
 267 0176 0F90      		pop		__tmp_reg__
 268               	 ;  0 "" 2
 269               	 ;  2395 "FreeRTOS\queue.c" 1
 270 0178 0FBE      		out		__SREG__, __tmp_reg__
 271               	 ;  0 "" 2
 272               	/* #NOAPP */
 273               	/* epilogue start */
 274 017a CF91      		pop r28
 275 017c 1F91      		pop r17
 276 017e 0F91      		pop r16
 277 0180 FF90      		pop r15
 278 0182 EF90      		pop r14
 279 0184 0895      		ret
 281               	.global	xQueueGenericReset
 283               	xQueueGenericReset:
 284 0186 CF93      		push r28
 285 0188 DF93      		push r29
 286               	/* prologue: function */
 287               	/* frame size = 0 */
 288               	/* stack size = 2 */
 289               	.L__stack_usage = 2
 290 018a C82F      		mov r28,r24
 291 018c D92F      		mov r29,r25
 292 018e 80E0      		ldi r24,0
 293 0190 2097      		sbiw r28,0
 294 0192 01F4      		brne .+2
 295 0194 00C0      		rjmp .L20
 296 0196 8B8D      		ldd r24,Y+27
 297 0198 8823      		tst r24
 298 019a 01F0      		breq .L25
 299 019c 4C8D      		ldd r20,Y+28
 300               	/* #APP */
 301               	 ;  309 "FreeRTOS\queue.c" 1
 302 019e 0FB6      		in		__tmp_reg__, __SREG__
 303               	 ;  0 "" 2
 304               	 ;  309 "FreeRTOS\queue.c" 1
 305 01a0 F894      		cli
 306               	 ;  0 "" 2
 307               	 ;  309 "FreeRTOS\queue.c" 1
 308 01a2 0F92      		push	__tmp_reg__
 309               	 ;  0 "" 2
 310               	/* #NOAPP */
 311 01a4 2881      		ld r18,Y
 312 01a6 3981      		ldd r19,Y+1
 313 01a8 F901      		movw r30,r18
 314 01aa 849F      		mul r24,r20
 315 01ac E00D      		add r30,r0
 316 01ae F11D      		adc r31,r1
 317 01b0 1124      		clr __zero_reg__
 318 01b2 FD83      		std Y+5,r31
 319 01b4 EC83      		std Y+4,r30
 320 01b6 1A8E      		std Y+26,__zero_reg__
 321 01b8 3B83      		std Y+3,r19
 322 01ba 2A83      		std Y+2,r18
 323 01bc 8150      		subi r24,1
 324 01be 990B      		sbc r25,r25
 325 01c0 489F      		mul r20,r24
 326 01c2 F001      		movw r30,r0
 327 01c4 499F      		mul r20,r25
 328 01c6 F00D      		add r31,r0
 329 01c8 1124      		clr __zero_reg__
 330 01ca 2E0F      		add r18,r30
 331 01cc 3F1F      		adc r19,r31
 332 01ce 3F83      		std Y+7,r19
 333 01d0 2E83      		std Y+6,r18
 334 01d2 8FEF      		ldi r24,lo8(-1)
 335 01d4 8D8F      		std Y+29,r24
 336 01d6 8E8F      		std Y+30,r24
 337 01d8 6111      		cpse r22,__zero_reg__
 338 01da 00C0      		rjmp .L22
 339 01dc 8885      		ldd r24,Y+8
 340 01de 8111      		cpse r24,__zero_reg__
 341 01e0 00C0      		rjmp .L26
 342               	.L23:
 343               	/* #APP */
 344               	 ;  348 "FreeRTOS\queue.c" 1
 345 01e2 0F90      		pop		__tmp_reg__
 346               	 ;  0 "" 2
 347               	 ;  348 "FreeRTOS\queue.c" 1
 348 01e4 0FBE      		out		__SREG__, __tmp_reg__
 349               	 ;  0 "" 2
 350               	/* #NOAPP */
 351 01e6 81E0      		ldi r24,lo8(1)
 352 01e8 00C0      		rjmp .L20
 353               	.L26:
 354 01ea CE01      		movw r24,r28
 355 01ec 0896      		adiw r24,8
 356 01ee 0E94 0000 		call xTaskRemoveFromEventList
 357 01f2 8823      		tst r24
 358 01f4 01F0      		breq .L23
 359 01f6 0E94 0000 		call vPortYield
 360 01fa 00C0      		rjmp .L23
 361               	.L22:
 362 01fc CE01      		movw r24,r28
 363 01fe 0896      		adiw r24,8
 364 0200 0E94 0000 		call vListInitialise
 365 0204 CE01      		movw r24,r28
 366 0206 4196      		adiw r24,17
 367 0208 0E94 0000 		call vListInitialise
 368 020c 00C0      		rjmp .L23
 369               	.L25:
 370 020e 80E0      		ldi r24,0
 371               	.L20:
 372               	/* epilogue start */
 373 0210 DF91      		pop r29
 374 0212 CF91      		pop r28
 375 0214 0895      		ret
 377               	.global	xQueueGenericCreate
 379               	xQueueGenericCreate:
 380 0216 0F93      		push r16
 381 0218 1F93      		push r17
 382 021a CF93      		push r28
 383 021c DF93      		push r29
 384               	/* prologue: function */
 385               	/* frame size = 0 */
 386               	/* stack size = 4 */
 387               	.L__stack_usage = 4
 388 021e 182F      		mov r17,r24
 389 0220 062F      		mov r16,r22
 390 0222 C0E0      		ldi r28,0
 391 0224 D0E0      		ldi r29,0
 392 0226 8823      		tst r24
 393 0228 01F0      		breq .L27
 394 022a 869F      		mul r24,r22
 395 022c C001      		movw r24,r0
 396 022e 1124      		clr __zero_reg__
 397 0230 4F96      		adiw r24,31
 398 0232 0E94 0000 		call pvPortMalloc
 399 0236 C82F      		mov r28,r24
 400 0238 D92F      		mov r29,r25
 401 023a 2097      		sbiw r28,0
 402 023c 01F0      		breq .L27
 403 023e CE01      		movw r24,r28
 404 0240 4F96      		adiw r24,31
 405 0242 0111      		cpse r16,__zero_reg__
 406 0244 00C0      		rjmp .L29
 407 0246 CE01      		movw r24,r28
 408               	.L29:
 409 0248 9983      		std Y+1,r25
 410 024a 8883      		st Y,r24
 411 024c 1B8F      		std Y+27,r17
 412 024e 0C8F      		std Y+28,r16
 413 0250 61E0      		ldi r22,lo8(1)
 414 0252 CE01      		movw r24,r28
 415 0254 0E94 0000 		call xQueueGenericReset
 416               	.L27:
 417 0258 CE01      		movw r24,r28
 418               	/* epilogue start */
 419 025a DF91      		pop r29
 420 025c CF91      		pop r28
 421 025e 1F91      		pop r17
 422 0260 0F91      		pop r16
 423 0262 0895      		ret
 425               	.global	xQueueGenericSend
 427               	xQueueGenericSend:
 428 0264 AF92      		push r10
 429 0266 BF92      		push r11
 430 0268 CF92      		push r12
 431 026a DF92      		push r13
 432 026c EF92      		push r14
 433 026e FF92      		push r15
 434 0270 0F93      		push r16
 435 0272 1F93      		push r17
 436 0274 CF93      		push r28
 437 0276 DF93      		push r29
 438 0278 00D0      		rcall .
 439 027a 00D0      		rcall .
 440 027c 0F92      		push __tmp_reg__
 441 027e CDB7      		in r28,__SP_L__
 442 0280 DEB7      		in r29,__SP_H__
 443               	/* prologue: function */
 444               	/* frame size = 5 */
 445               	/* stack size = 15 */
 446               	.L__stack_usage = 15
 447 0282 082F      		mov r16,r24
 448 0284 192F      		mov r17,r25
 449 0286 A62E      		mov r10,r22
 450 0288 B72E      		mov r11,r23
 451 028a 5D83      		std Y+5,r21
 452 028c 4C83      		std Y+4,r20
 453 028e C22E      		mov r12,r18
 454               	/* #APP */
 455               	 ;  858 "FreeRTOS\queue.c" 1
 456 0290 0FB6      		in		__tmp_reg__, __SREG__
 457               	 ;  0 "" 2
 458               	 ;  858 "FreeRTOS\queue.c" 1
 459 0292 F894      		cli
 460               	 ;  0 "" 2
 461               	 ;  858 "FreeRTOS\queue.c" 1
 462 0294 0F92      		push	__tmp_reg__
 463               	 ;  0 "" 2
 464               	/* #NOAPP */
 465 0296 F801      		movw r30,r16
 466 0298 928D      		ldd r25,Z+26
 467 029a 838D      		ldd r24,Z+27
 468 029c 9817      		cp r25,r24
 469 029e 00F0      		brlo .L33
 470 02a0 F2E0      		ldi r31,lo8(2)
 471 02a2 2F17      		cp r18,r31
 472 02a4 01F0      		breq .L33
 473 02a6 80E0      		ldi r24,0
 474 02a8 7801      		movw r14,r16
 475 02aa 98E0      		ldi r25,8
 476 02ac E90E      		add r14,r25
 477 02ae F11C      		adc r15,__zero_reg__
 478 02b0 DD24      		clr r13
 479 02b2 D394      		inc r13
 480 02b4 00C0      		rjmp .L34
 481               	.L33:
 482 02b6 4C2D      		mov r20,r12
 483 02b8 6A2D      		mov r22,r10
 484 02ba 7B2D      		mov r23,r11
 485 02bc C801      		movw r24,r16
 486 02be 0E94 0000 		call prvCopyDataToQueue
 487 02c2 F801      		movw r30,r16
 488 02c4 9189      		ldd r25,Z+17
 489 02c6 9111      		cpse r25,__zero_reg__
 490 02c8 00C0      		rjmp .L46
 491 02ca 8111      		cpse r24,__zero_reg__
 492 02cc 00C0      		rjmp .L47
 493               	.L36:
 494               	/* #APP */
 495               	 ;  964 "FreeRTOS\queue.c" 1
 496 02ce 0F90      		pop		__tmp_reg__
 497               	 ;  0 "" 2
 498               	 ;  964 "FreeRTOS\queue.c" 1
 499 02d0 0FBE      		out		__SREG__, __tmp_reg__
 500               	 ;  0 "" 2
 501               	/* #NOAPP */
 502 02d2 81E0      		ldi r24,lo8(1)
 503               	.L32:
 504               	/* epilogue start */
 505 02d4 0F90      		pop __tmp_reg__
 506 02d6 0F90      		pop __tmp_reg__
 507 02d8 0F90      		pop __tmp_reg__
 508 02da 0F90      		pop __tmp_reg__
 509 02dc 0F90      		pop __tmp_reg__
 510 02de DF91      		pop r29
 511 02e0 CF91      		pop r28
 512 02e2 1F91      		pop r17
 513 02e4 0F91      		pop r16
 514 02e6 FF90      		pop r15
 515 02e8 EF90      		pop r14
 516 02ea DF90      		pop r13
 517 02ec CF90      		pop r12
 518 02ee BF90      		pop r11
 519 02f0 AF90      		pop r10
 520 02f2 0895      		ret
 521               	.L46:
 522 02f4 C801      		movw r24,r16
 523 02f6 4196      		adiw r24,17
 524 02f8 0E94 0000 		call xTaskRemoveFromEventList
 525 02fc 8823      		tst r24
 526 02fe 01F0      		breq .L36
 527 0300 0E94 0000 		call vPortYield
 528 0304 00C0      		rjmp .L36
 529               	.L47:
 530 0306 0E94 0000 		call vPortYield
 531 030a 00C0      		rjmp .L36
 532               	.L48:
 533               	/* #APP */
 534               	 ;  973 "FreeRTOS\queue.c" 1
 535 030c 0F90      		pop		__tmp_reg__
 536               	 ;  0 "" 2
 537               	 ;  973 "FreeRTOS\queue.c" 1
 538 030e 0FBE      		out		__SREG__, __tmp_reg__
 539               	 ;  0 "" 2
 540               	/* #NOAPP */
 541 0310 80E0      		ldi r24,0
 542 0312 00C0      		rjmp .L32
 543               	.L49:
 544 0314 CE01      		movw r24,r28
 545 0316 0196      		adiw r24,1
 546 0318 0E94 0000 		call vTaskInternalSetTimeOutState
 547 031c 00C0      		rjmp .L39
 548               	.L50:
 549 031e 158E      		std Z+29,__zero_reg__
 550 0320 00C0      		rjmp .L40
 551               	.L51:
 552 0322 168E      		std Z+30,__zero_reg__
 553 0324 00C0      		rjmp .L41
 554               	.L43:
 555 0326 C801      		movw r24,r16
 556 0328 0E94 0000 		call prvUnlockQueue
 557 032c 0E94 0000 		call xTaskResumeAll
 558               	.L44:
 559               	/* #APP */
 560               	 ;  858 "FreeRTOS\queue.c" 1
 561 0330 0FB6      		in		__tmp_reg__, __SREG__
 562               	 ;  0 "" 2
 563               	 ;  858 "FreeRTOS\queue.c" 1
 564 0332 F894      		cli
 565               	 ;  0 "" 2
 566               	 ;  858 "FreeRTOS\queue.c" 1
 567 0334 0F92      		push	__tmp_reg__
 568               	 ;  0 "" 2
 569               	/* #NOAPP */
 570 0336 F801      		movw r30,r16
 571 0338 228D      		ldd r18,Z+26
 572 033a 8D2D      		mov r24,r13
 573 033c 938D      		ldd r25,Z+27
 574 033e 2917      		cp r18,r25
 575 0340 00F4      		brsh .+2
 576 0342 00C0      		rjmp .L33
 577               	.L34:
 578 0344 EC81      		ldd r30,Y+4
 579 0346 FD81      		ldd r31,Y+5
 580 0348 EF2B      		or r30,r31
 581 034a 01F0      		breq .L48
 582 034c 8823      		tst r24
 583 034e 01F0      		breq .L49
 584               	.L39:
 585               	/* #APP */
 586               	 ;  994 "FreeRTOS\queue.c" 1
 587 0350 0F90      		pop		__tmp_reg__
 588               	 ;  0 "" 2
 589               	 ;  994 "FreeRTOS\queue.c" 1
 590 0352 0FBE      		out		__SREG__, __tmp_reg__
 591               	 ;  0 "" 2
 592               	/* #NOAPP */
 593 0354 0E94 0000 		call vTaskSuspendAll
 594               	/* #APP */
 595               	 ;  1000 "FreeRTOS\queue.c" 1
 596 0358 0FB6      		in		__tmp_reg__, __SREG__
 597               	 ;  0 "" 2
 598               	 ;  1000 "FreeRTOS\queue.c" 1
 599 035a F894      		cli
 600               	 ;  0 "" 2
 601               	 ;  1000 "FreeRTOS\queue.c" 1
 602 035c 0F92      		push	__tmp_reg__
 603               	 ;  0 "" 2
 604               	/* #NOAPP */
 605 035e F801      		movw r30,r16
 606 0360 858D      		ldd r24,Z+29
 607 0362 8F3F      		cpi r24,lo8(-1)
 608 0364 01F0      		breq .L50
 609               	.L40:
 610 0366 F801      		movw r30,r16
 611 0368 868D      		ldd r24,Z+30
 612 036a 8F3F      		cpi r24,lo8(-1)
 613 036c 01F0      		breq .L51
 614               	.L41:
 615               	/* #APP */
 616               	 ;  1000 "FreeRTOS\queue.c" 1
 617 036e 0F90      		pop		__tmp_reg__
 618               	 ;  0 "" 2
 619               	 ;  1000 "FreeRTOS\queue.c" 1
 620 0370 0FBE      		out		__SREG__, __tmp_reg__
 621               	 ;  0 "" 2
 622               	/* #NOAPP */
 623 0372 BE01      		movw r22,r28
 624 0374 6C5F      		subi r22,-4
 625 0376 7F4F      		sbci r23,-1
 626 0378 CE01      		movw r24,r28
 627 037a 0196      		adiw r24,1
 628 037c 0E94 0000 		call xTaskCheckForTimeOut
 629 0380 8111      		cpse r24,__zero_reg__
 630 0382 00C0      		rjmp .L42
 631               	/* #APP */
 632               	 ;  2444 "FreeRTOS\queue.c" 1
 633 0384 0FB6      		in		__tmp_reg__, __SREG__
 634               	 ;  0 "" 2
 635               	 ;  2444 "FreeRTOS\queue.c" 1
 636 0386 F894      		cli
 637               	 ;  0 "" 2
 638               	 ;  2444 "FreeRTOS\queue.c" 1
 639 0388 0F92      		push	__tmp_reg__
 640               	 ;  0 "" 2
 641               	/* #NOAPP */
 642 038a F801      		movw r30,r16
 643 038c 928D      		ldd r25,Z+26
 644               	/* #APP */
 645               	 ;  2455 "FreeRTOS\queue.c" 1
 646 038e 0F90      		pop		__tmp_reg__
 647               	 ;  0 "" 2
 648               	 ;  2455 "FreeRTOS\queue.c" 1
 649 0390 0FBE      		out		__SREG__, __tmp_reg__
 650               	 ;  0 "" 2
 651               	/* #NOAPP */
 652 0392 838D      		ldd r24,Z+27
 653 0394 9813      		cpse r25,r24
 654 0396 00C0      		rjmp .L43
 655 0398 6C81      		ldd r22,Y+4
 656 039a 7D81      		ldd r23,Y+5
 657 039c C701      		movw r24,r14
 658 039e 0E94 0000 		call vTaskPlaceOnEventList
 659 03a2 C801      		movw r24,r16
 660 03a4 0E94 0000 		call prvUnlockQueue
 661 03a8 0E94 0000 		call xTaskResumeAll
 662 03ac 8111      		cpse r24,__zero_reg__
 663 03ae 00C0      		rjmp .L44
 664 03b0 0E94 0000 		call vPortYield
 665 03b4 00C0      		rjmp .L44
 666               	.L42:
 667 03b6 C801      		movw r24,r16
 668 03b8 0E94 0000 		call prvUnlockQueue
 669 03bc 0E94 0000 		call xTaskResumeAll
 670 03c0 80E0      		ldi r24,0
 671 03c2 00C0      		rjmp .L32
 673               	.global	xQueueGenericSendFromISR
 675               	xQueueGenericSendFromISR:
 676 03c4 FF92      		push r15
 677 03c6 0F93      		push r16
 678 03c8 1F93      		push r17
 679 03ca CF93      		push r28
 680 03cc DF93      		push r29
 681               	/* prologue: function */
 682               	/* frame size = 0 */
 683               	/* stack size = 5 */
 684               	.L__stack_usage = 5
 685 03ce C82F      		mov r28,r24
 686 03d0 D92F      		mov r29,r25
 687 03d2 042F      		mov r16,r20
 688 03d4 152F      		mov r17,r21
 689 03d6 422F      		mov r20,r18
 690 03d8 9A8D      		ldd r25,Y+26
 691 03da 8B8D      		ldd r24,Y+27
 692 03dc 9817      		cp r25,r24
 693 03de 00F0      		brlo .L53
 694 03e0 80E0      		ldi r24,0
 695 03e2 2230      		cpi r18,lo8(2)
 696 03e4 01F0      		breq .L53
 697               	.L52:
 698               	/* epilogue start */
 699 03e6 DF91      		pop r29
 700 03e8 CF91      		pop r28
 701 03ea 1F91      		pop r17
 702 03ec 0F91      		pop r16
 703 03ee FF90      		pop r15
 704 03f0 0895      		ret
 705               	.L53:
 706 03f2 FE8C      		ldd r15,Y+30
 707 03f4 8A8D      		ldd r24,Y+26
 708 03f6 CE01      		movw r24,r28
 709 03f8 0E94 0000 		call prvCopyDataToQueue
 710 03fc 8FEF      		ldi r24,lo8(-1)
 711 03fe F812      		cpse r15,r24
 712 0400 00C0      		rjmp .L55
 713 0402 8989      		ldd r24,Y+17
 714 0404 8111      		cpse r24,__zero_reg__
 715 0406 00C0      		rjmp .L61
 716 0408 81E0      		ldi r24,lo8(1)
 717 040a 00C0      		rjmp .L52
 718               	.L61:
 719 040c CE01      		movw r24,r28
 720 040e 4196      		adiw r24,17
 721 0410 0E94 0000 		call xTaskRemoveFromEventList
 722 0414 8823      		tst r24
 723 0416 01F0      		breq .L58
 724 0418 81E0      		ldi r24,lo8(1)
 725 041a 0115      		cp r16,__zero_reg__
 726 041c 1105      		cpc r17,__zero_reg__
 727 041e 01F0      		breq .L52
 728 0420 81E0      		ldi r24,lo8(1)
 729 0422 F801      		movw r30,r16
 730 0424 8083      		st Z,r24
 731 0426 00C0      		rjmp .L52
 732               	.L55:
 733 0428 0E94 0000 		call uxTaskGetNumberOfTasks
 734 042c F816      		cp r15,r24
 735 042e 00F4      		brsh .L60
 736 0430 F394      		inc r15
 737 0432 FE8E      		std Y+30,r15
 738 0434 81E0      		ldi r24,lo8(1)
 739 0436 00C0      		rjmp .L52
 740               	.L58:
 741 0438 81E0      		ldi r24,lo8(1)
 742 043a 00C0      		rjmp .L52
 743               	.L60:
 744 043c 81E0      		ldi r24,lo8(1)
 745 043e 00C0      		rjmp .L52
 747               	.global	xQueueGiveFromISR
 749               	xQueueGiveFromISR:
 750 0440 FF92      		push r15
 751 0442 0F93      		push r16
 752 0444 1F93      		push r17
 753 0446 CF93      		push r28
 754 0448 DF93      		push r29
 755               	/* prologue: function */
 756               	/* frame size = 0 */
 757               	/* stack size = 5 */
 758               	.L__stack_usage = 5
 759 044a C82F      		mov r28,r24
 760 044c D92F      		mov r29,r25
 761 044e 062F      		mov r16,r22
 762 0450 172F      		mov r17,r23
 763 0452 8A8D      		ldd r24,Y+26
 764 0454 9B8D      		ldd r25,Y+27
 765 0456 8917      		cp r24,r25
 766 0458 00F4      		brsh .L65
 767 045a FE8C      		ldd r15,Y+30
 768 045c 8F5F      		subi r24,lo8(-(1))
 769 045e 8A8F      		std Y+26,r24
 770 0460 8FEF      		ldi r24,lo8(-1)
 771 0462 F812      		cpse r15,r24
 772 0464 00C0      		rjmp .L64
 773 0466 8989      		ldd r24,Y+17
 774 0468 8111      		cpse r24,__zero_reg__
 775 046a 00C0      		rjmp .L70
 776 046c 81E0      		ldi r24,lo8(1)
 777 046e 00C0      		rjmp .L62
 778               	.L70:
 779 0470 CE01      		movw r24,r28
 780 0472 4196      		adiw r24,17
 781 0474 0E94 0000 		call xTaskRemoveFromEventList
 782 0478 8823      		tst r24
 783 047a 01F0      		breq .L67
 784 047c 81E0      		ldi r24,lo8(1)
 785 047e 0115      		cp r16,__zero_reg__
 786 0480 1105      		cpc r17,__zero_reg__
 787 0482 01F0      		breq .L62
 788 0484 81E0      		ldi r24,lo8(1)
 789 0486 F801      		movw r30,r16
 790 0488 8083      		st Z,r24
 791 048a 00C0      		rjmp .L62
 792               	.L64:
 793 048c 0E94 0000 		call uxTaskGetNumberOfTasks
 794 0490 F816      		cp r15,r24
 795 0492 00F4      		brsh .L69
 796 0494 F394      		inc r15
 797 0496 FE8E      		std Y+30,r15
 798 0498 81E0      		ldi r24,lo8(1)
 799 049a 00C0      		rjmp .L62
 800               	.L65:
 801 049c 80E0      		ldi r24,0
 802               	.L62:
 803               	/* epilogue start */
 804 049e DF91      		pop r29
 805 04a0 CF91      		pop r28
 806 04a2 1F91      		pop r17
 807 04a4 0F91      		pop r16
 808 04a6 FF90      		pop r15
 809 04a8 0895      		ret
 810               	.L67:
 811 04aa 81E0      		ldi r24,lo8(1)
 812 04ac 00C0      		rjmp .L62
 813               	.L69:
 814 04ae 81E0      		ldi r24,lo8(1)
 815 04b0 00C0      		rjmp .L62
 817               	.global	xQueueReceive
 819               	xQueueReceive:
 820 04b2 AF92      		push r10
 821 04b4 BF92      		push r11
 822 04b6 CF92      		push r12
 823 04b8 DF92      		push r13
 824 04ba EF92      		push r14
 825 04bc FF92      		push r15
 826 04be 0F93      		push r16
 827 04c0 1F93      		push r17
 828 04c2 CF93      		push r28
 829 04c4 DF93      		push r29
 830 04c6 00D0      		rcall .
 831 04c8 00D0      		rcall .
 832 04ca 0F92      		push __tmp_reg__
 833 04cc CDB7      		in r28,__SP_L__
 834 04ce DEB7      		in r29,__SP_H__
 835               	/* prologue: function */
 836               	/* frame size = 5 */
 837               	/* stack size = 15 */
 838               	.L__stack_usage = 15
 839 04d0 082F      		mov r16,r24
 840 04d2 192F      		mov r17,r25
 841 04d4 A62E      		mov r10,r22
 842 04d6 B72E      		mov r11,r23
 843 04d8 5D83      		std Y+5,r21
 844 04da 4C83      		std Y+4,r20
 845               	/* #APP */
 846               	 ;  1405 "FreeRTOS\queue.c" 1
 847 04dc 0FB6      		in		__tmp_reg__, __SREG__
 848               	 ;  0 "" 2
 849               	 ;  1405 "FreeRTOS\queue.c" 1
 850 04de F894      		cli
 851               	 ;  0 "" 2
 852               	 ;  1405 "FreeRTOS\queue.c" 1
 853 04e0 0F92      		push	__tmp_reg__
 854               	 ;  0 "" 2
 855               	/* #NOAPP */
 856 04e2 F801      		movw r30,r16
 857 04e4 F28C      		ldd r15,Z+26
 858 04e6 F110      		cpse r15,__zero_reg__
 859 04e8 00C0      		rjmp .L72
 860 04ea 20E0      		ldi r18,0
 861 04ec 6801      		movw r12,r16
 862 04ee F1E1      		ldi r31,17
 863 04f0 CF0E      		add r12,r31
 864 04f2 D11C      		adc r13,__zero_reg__
 865 04f4 EE24      		clr r14
 866 04f6 E394      		inc r14
 867 04f8 00C0      		rjmp .L73
 868               	.L72:
 869 04fa 6A2D      		mov r22,r10
 870 04fc 7B2D      		mov r23,r11
 871 04fe C801      		movw r24,r16
 872 0500 0E94 0000 		call prvCopyDataFromQueue
 873 0504 FA94      		dec r15
 874 0506 F801      		movw r30,r16
 875 0508 F28E      		std Z+26,r15
 876 050a 8085      		ldd r24,Z+8
 877 050c 8111      		cpse r24,__zero_reg__
 878 050e 00C0      		rjmp .L84
 879               	.L74:
 880               	/* #APP */
 881               	 ;  1437 "FreeRTOS\queue.c" 1
 882 0510 0F90      		pop		__tmp_reg__
 883               	 ;  0 "" 2
 884               	 ;  1437 "FreeRTOS\queue.c" 1
 885 0512 0FBE      		out		__SREG__, __tmp_reg__
 886               	 ;  0 "" 2
 887               	/* #NOAPP */
 888 0514 81E0      		ldi r24,lo8(1)
 889               	.L71:
 890               	/* epilogue start */
 891 0516 0F90      		pop __tmp_reg__
 892 0518 0F90      		pop __tmp_reg__
 893 051a 0F90      		pop __tmp_reg__
 894 051c 0F90      		pop __tmp_reg__
 895 051e 0F90      		pop __tmp_reg__
 896 0520 DF91      		pop r29
 897 0522 CF91      		pop r28
 898 0524 1F91      		pop r17
 899 0526 0F91      		pop r16
 900 0528 FF90      		pop r15
 901 052a EF90      		pop r14
 902 052c DF90      		pop r13
 903 052e CF90      		pop r12
 904 0530 BF90      		pop r11
 905 0532 AF90      		pop r10
 906 0534 0895      		ret
 907               	.L84:
 908 0536 C801      		movw r24,r16
 909 0538 0896      		adiw r24,8
 910 053a 0E94 0000 		call xTaskRemoveFromEventList
 911 053e 8823      		tst r24
 912 0540 01F0      		breq .L74
 913 0542 0E94 0000 		call vPortYield
 914 0546 00C0      		rjmp .L74
 915               	.L86:
 916               	/* #APP */
 917               	 ;  1446 "FreeRTOS\queue.c" 1
 918 0548 0F90      		pop		__tmp_reg__
 919               	 ;  0 "" 2
 920               	 ;  1446 "FreeRTOS\queue.c" 1
 921 054a 0FBE      		out		__SREG__, __tmp_reg__
 922               	 ;  0 "" 2
 923               	/* #NOAPP */
 924 054c 80E0      		ldi r24,0
 925 054e 00C0      		rjmp .L71
 926               	.L87:
 927 0550 CE01      		movw r24,r28
 928 0552 0196      		adiw r24,1
 929 0554 0E94 0000 		call vTaskInternalSetTimeOutState
 930 0558 00C0      		rjmp .L77
 931               	.L88:
 932 055a 158E      		std Z+29,__zero_reg__
 933 055c 00C0      		rjmp .L78
 934               	.L89:
 935 055e 168E      		std Z+30,__zero_reg__
 936 0560 00C0      		rjmp .L79
 937               	.L81:
 938 0562 C801      		movw r24,r16
 939 0564 0E94 0000 		call prvUnlockQueue
 940 0568 0E94 0000 		call xTaskResumeAll
 941 056c 00C0      		rjmp .L82
 942               	.L80:
 943 056e C801      		movw r24,r16
 944 0570 0E94 0000 		call prvUnlockQueue
 945 0574 0E94 0000 		call xTaskResumeAll
 946 0578 C801      		movw r24,r16
 947 057a 0E94 0000 		call prvIsQueueEmpty
 948 057e 8111      		cpse r24,__zero_reg__
 949 0580 00C0      		rjmp .L85
 950               	.L82:
 951               	/* #APP */
 952               	 ;  1405 "FreeRTOS\queue.c" 1
 953 0582 0FB6      		in		__tmp_reg__, __SREG__
 954               	 ;  0 "" 2
 955               	 ;  1405 "FreeRTOS\queue.c" 1
 956 0584 F894      		cli
 957               	 ;  0 "" 2
 958               	 ;  1405 "FreeRTOS\queue.c" 1
 959 0586 0F92      		push	__tmp_reg__
 960               	 ;  0 "" 2
 961               	/* #NOAPP */
 962 0588 F801      		movw r30,r16
 963 058a F28C      		ldd r15,Z+26
 964 058c 2E2D      		mov r18,r14
 965 058e F110      		cpse r15,__zero_reg__
 966 0590 00C0      		rjmp .L72
 967               	.L73:
 968 0592 8C81      		ldd r24,Y+4
 969 0594 9D81      		ldd r25,Y+5
 970 0596 892B      		or r24,r25
 971 0598 01F0      		breq .L86
 972 059a 2223      		tst r18
 973 059c 01F0      		breq .L87
 974               	.L77:
 975               	/* #APP */
 976               	 ;  1464 "FreeRTOS\queue.c" 1
 977 059e 0F90      		pop		__tmp_reg__
 978               	 ;  0 "" 2
 979               	 ;  1464 "FreeRTOS\queue.c" 1
 980 05a0 0FBE      		out		__SREG__, __tmp_reg__
 981               	 ;  0 "" 2
 982               	/* #NOAPP */
 983 05a2 0E94 0000 		call vTaskSuspendAll
 984               	/* #APP */
 985               	 ;  1470 "FreeRTOS\queue.c" 1
 986 05a6 0FB6      		in		__tmp_reg__, __SREG__
 987               	 ;  0 "" 2
 988               	 ;  1470 "FreeRTOS\queue.c" 1
 989 05a8 F894      		cli
 990               	 ;  0 "" 2
 991               	 ;  1470 "FreeRTOS\queue.c" 1
 992 05aa 0F92      		push	__tmp_reg__
 993               	 ;  0 "" 2
 994               	/* #NOAPP */
 995 05ac F801      		movw r30,r16
 996 05ae 858D      		ldd r24,Z+29
 997 05b0 8F3F      		cpi r24,lo8(-1)
 998 05b2 01F0      		breq .L88
 999               	.L78:
 1000 05b4 F801      		movw r30,r16
 1001 05b6 868D      		ldd r24,Z+30
 1002 05b8 8F3F      		cpi r24,lo8(-1)
 1003 05ba 01F0      		breq .L89
 1004               	.L79:
 1005               	/* #APP */
 1006               	 ;  1470 "FreeRTOS\queue.c" 1
 1007 05bc 0F90      		pop		__tmp_reg__
 1008               	 ;  0 "" 2
 1009               	 ;  1470 "FreeRTOS\queue.c" 1
 1010 05be 0FBE      		out		__SREG__, __tmp_reg__
 1011               	 ;  0 "" 2
 1012               	/* #NOAPP */
 1013 05c0 BE01      		movw r22,r28
 1014 05c2 6C5F      		subi r22,-4
 1015 05c4 7F4F      		sbci r23,-1
 1016 05c6 CE01      		movw r24,r28
 1017 05c8 0196      		adiw r24,1
 1018 05ca 0E94 0000 		call xTaskCheckForTimeOut
 1019 05ce 8111      		cpse r24,__zero_reg__
 1020 05d0 00C0      		rjmp .L80
 1021 05d2 C801      		movw r24,r16
 1022 05d4 0E94 0000 		call prvIsQueueEmpty
 1023 05d8 8823      		tst r24
 1024 05da 01F4      		brne .+2
 1025 05dc 00C0      		rjmp .L81
 1026 05de 6C81      		ldd r22,Y+4
 1027 05e0 7D81      		ldd r23,Y+5
 1028 05e2 C601      		movw r24,r12
 1029 05e4 0E94 0000 		call vTaskPlaceOnEventList
 1030 05e8 C801      		movw r24,r16
 1031 05ea 0E94 0000 		call prvUnlockQueue
 1032 05ee 0E94 0000 		call xTaskResumeAll
 1033 05f2 8111      		cpse r24,__zero_reg__
 1034 05f4 00C0      		rjmp .L82
 1035 05f6 0E94 0000 		call vPortYield
 1036 05fa 00C0      		rjmp .L82
 1037               	.L85:
 1038 05fc 80E0      		ldi r24,0
 1039 05fe 00C0      		rjmp .L71
 1041               	.global	xQueueSemaphoreTake
 1043               	xQueueSemaphoreTake:
 1044 0600 DF92      		push r13
 1045 0602 EF92      		push r14
 1046 0604 FF92      		push r15
 1047 0606 0F93      		push r16
 1048 0608 1F93      		push r17
 1049 060a CF93      		push r28
 1050 060c DF93      		push r29
 1051 060e 00D0      		rcall .
 1052 0610 00D0      		rcall .
 1053 0612 0F92      		push __tmp_reg__
 1054 0614 CDB7      		in r28,__SP_L__
 1055 0616 DEB7      		in r29,__SP_H__
 1056               	/* prologue: function */
 1057               	/* frame size = 5 */
 1058               	/* stack size = 12 */
 1059               	.L__stack_usage = 12
 1060 0618 082F      		mov r16,r24
 1061 061a 192F      		mov r17,r25
 1062 061c 7D83      		std Y+5,r23
 1063 061e 6C83      		std Y+4,r22
 1064               	/* #APP */
 1065               	 ;  1551 "FreeRTOS\queue.c" 1
 1066 0620 0FB6      		in		__tmp_reg__, __SREG__
 1067               	 ;  0 "" 2
 1068               	 ;  1551 "FreeRTOS\queue.c" 1
 1069 0622 F894      		cli
 1070               	 ;  0 "" 2
 1071               	 ;  1551 "FreeRTOS\queue.c" 1
 1072 0624 0F92      		push	__tmp_reg__
 1073               	 ;  0 "" 2
 1074               	/* #NOAPP */
 1075 0626 F801      		movw r30,r16
 1076 0628 828D      		ldd r24,Z+26
 1077 062a 8111      		cpse r24,__zero_reg__
 1078 062c 00C0      		rjmp .L91
 1079 062e 20E0      		ldi r18,0
 1080 0630 7801      		movw r14,r16
 1081 0632 F1E1      		ldi r31,17
 1082 0634 EF0E      		add r14,r31
 1083 0636 F11C      		adc r15,__zero_reg__
 1084 0638 DD24      		clr r13
 1085 063a D394      		inc r13
 1086 063c 00C0      		rjmp .L92
 1087               	.L91:
 1088 063e 8150      		subi r24,lo8(-(-1))
 1089 0640 F801      		movw r30,r16
 1090 0642 828F      		std Z+26,r24
 1091 0644 8085      		ldd r24,Z+8
 1092 0646 8111      		cpse r24,__zero_reg__
 1093 0648 00C0      		rjmp .L103
 1094               	.L93:
 1095               	/* #APP */
 1096               	 ;  1600 "FreeRTOS\queue.c" 1
 1097 064a 0F90      		pop		__tmp_reg__
 1098               	 ;  0 "" 2
 1099               	 ;  1600 "FreeRTOS\queue.c" 1
 1100 064c 0FBE      		out		__SREG__, __tmp_reg__
 1101               	 ;  0 "" 2
 1102               	/* #NOAPP */
 1103 064e 81E0      		ldi r24,lo8(1)
 1104               	.L90:
 1105               	/* epilogue start */
 1106 0650 0F90      		pop __tmp_reg__
 1107 0652 0F90      		pop __tmp_reg__
 1108 0654 0F90      		pop __tmp_reg__
 1109 0656 0F90      		pop __tmp_reg__
 1110 0658 0F90      		pop __tmp_reg__
 1111 065a DF91      		pop r29
 1112 065c CF91      		pop r28
 1113 065e 1F91      		pop r17
 1114 0660 0F91      		pop r16
 1115 0662 FF90      		pop r15
 1116 0664 EF90      		pop r14
 1117 0666 DF90      		pop r13
 1118 0668 0895      		ret
 1119               	.L103:
 1120 066a C801      		movw r24,r16
 1121 066c 0896      		adiw r24,8
 1122 066e 0E94 0000 		call xTaskRemoveFromEventList
 1123 0672 8823      		tst r24
 1124 0674 01F0      		breq .L93
 1125 0676 0E94 0000 		call vPortYield
 1126 067a 00C0      		rjmp .L93
 1127               	.L105:
 1128               	/* #APP */
 1129               	 ;  1609 "FreeRTOS\queue.c" 1
 1130 067c 0F90      		pop		__tmp_reg__
 1131               	 ;  0 "" 2
 1132               	 ;  1609 "FreeRTOS\queue.c" 1
 1133 067e 0FBE      		out		__SREG__, __tmp_reg__
 1134               	 ;  0 "" 2
 1135               	/* #NOAPP */
 1136 0680 80E0      		ldi r24,0
 1137 0682 00C0      		rjmp .L90
 1138               	.L106:
 1139 0684 CE01      		movw r24,r28
 1140 0686 0196      		adiw r24,1
 1141 0688 0E94 0000 		call vTaskInternalSetTimeOutState
 1142 068c 00C0      		rjmp .L96
 1143               	.L107:
 1144 068e 158E      		std Z+29,__zero_reg__
 1145 0690 00C0      		rjmp .L97
 1146               	.L108:
 1147 0692 168E      		std Z+30,__zero_reg__
 1148 0694 00C0      		rjmp .L98
 1149               	.L100:
 1150 0696 C801      		movw r24,r16
 1151 0698 0E94 0000 		call prvUnlockQueue
 1152 069c 0E94 0000 		call xTaskResumeAll
 1153 06a0 00C0      		rjmp .L101
 1154               	.L99:
 1155 06a2 C801      		movw r24,r16
 1156 06a4 0E94 0000 		call prvUnlockQueue
 1157 06a8 0E94 0000 		call xTaskResumeAll
 1158 06ac C801      		movw r24,r16
 1159 06ae 0E94 0000 		call prvIsQueueEmpty
 1160 06b2 8111      		cpse r24,__zero_reg__
 1161 06b4 00C0      		rjmp .L104
 1162               	.L101:
 1163               	/* #APP */
 1164               	 ;  1551 "FreeRTOS\queue.c" 1
 1165 06b6 0FB6      		in		__tmp_reg__, __SREG__
 1166               	 ;  0 "" 2
 1167               	 ;  1551 "FreeRTOS\queue.c" 1
 1168 06b8 F894      		cli
 1169               	 ;  0 "" 2
 1170               	 ;  1551 "FreeRTOS\queue.c" 1
 1171 06ba 0F92      		push	__tmp_reg__
 1172               	 ;  0 "" 2
 1173               	/* #NOAPP */
 1174 06bc F801      		movw r30,r16
 1175 06be 828D      		ldd r24,Z+26
 1176 06c0 2D2D      		mov r18,r13
 1177 06c2 8111      		cpse r24,__zero_reg__
 1178 06c4 00C0      		rjmp .L91
 1179               	.L92:
 1180 06c6 8C81      		ldd r24,Y+4
 1181 06c8 9D81      		ldd r25,Y+5
 1182 06ca 892B      		or r24,r25
 1183 06cc 01F0      		breq .L105
 1184 06ce 2223      		tst r18
 1185 06d0 01F0      		breq .L106
 1186               	.L96:
 1187               	/* #APP */
 1188               	 ;  1627 "FreeRTOS\queue.c" 1
 1189 06d2 0F90      		pop		__tmp_reg__
 1190               	 ;  0 "" 2
 1191               	 ;  1627 "FreeRTOS\queue.c" 1
 1192 06d4 0FBE      		out		__SREG__, __tmp_reg__
 1193               	 ;  0 "" 2
 1194               	/* #NOAPP */
 1195 06d6 0E94 0000 		call vTaskSuspendAll
 1196               	/* #APP */
 1197               	 ;  1633 "FreeRTOS\queue.c" 1
 1198 06da 0FB6      		in		__tmp_reg__, __SREG__
 1199               	 ;  0 "" 2
 1200               	 ;  1633 "FreeRTOS\queue.c" 1
 1201 06dc F894      		cli
 1202               	 ;  0 "" 2
 1203               	 ;  1633 "FreeRTOS\queue.c" 1
 1204 06de 0F92      		push	__tmp_reg__
 1205               	 ;  0 "" 2
 1206               	/* #NOAPP */
 1207 06e0 F801      		movw r30,r16
 1208 06e2 858D      		ldd r24,Z+29
 1209 06e4 8F3F      		cpi r24,lo8(-1)
 1210 06e6 01F0      		breq .L107
 1211               	.L97:
 1212 06e8 F801      		movw r30,r16
 1213 06ea 868D      		ldd r24,Z+30
 1214 06ec 8F3F      		cpi r24,lo8(-1)
 1215 06ee 01F0      		breq .L108
 1216               	.L98:
 1217               	/* #APP */
 1218               	 ;  1633 "FreeRTOS\queue.c" 1
 1219 06f0 0F90      		pop		__tmp_reg__
 1220               	 ;  0 "" 2
 1221               	 ;  1633 "FreeRTOS\queue.c" 1
 1222 06f2 0FBE      		out		__SREG__, __tmp_reg__
 1223               	 ;  0 "" 2
 1224               	/* #NOAPP */
 1225 06f4 BE01      		movw r22,r28
 1226 06f6 6C5F      		subi r22,-4
 1227 06f8 7F4F      		sbci r23,-1
 1228 06fa CE01      		movw r24,r28
 1229 06fc 0196      		adiw r24,1
 1230 06fe 0E94 0000 		call xTaskCheckForTimeOut
 1231 0702 8111      		cpse r24,__zero_reg__
 1232 0704 00C0      		rjmp .L99
 1233 0706 C801      		movw r24,r16
 1234 0708 0E94 0000 		call prvIsQueueEmpty
 1235 070c 8823      		tst r24
 1236 070e 01F4      		brne .+2
 1237 0710 00C0      		rjmp .L100
 1238 0712 6C81      		ldd r22,Y+4
 1239 0714 7D81      		ldd r23,Y+5
 1240 0716 C701      		movw r24,r14
 1241 0718 0E94 0000 		call vTaskPlaceOnEventList
 1242 071c C801      		movw r24,r16
 1243 071e 0E94 0000 		call prvUnlockQueue
 1244 0722 0E94 0000 		call xTaskResumeAll
 1245 0726 8111      		cpse r24,__zero_reg__
 1246 0728 00C0      		rjmp .L101
 1247 072a 0E94 0000 		call vPortYield
 1248 072e 00C0      		rjmp .L101
 1249               	.L104:
 1250 0730 80E0      		ldi r24,0
 1251 0732 00C0      		rjmp .L90
 1253               	.global	xQueuePeek
 1255               	xQueuePeek:
 1256 0734 BF92      		push r11
 1257 0736 CF92      		push r12
 1258 0738 DF92      		push r13
 1259 073a EF92      		push r14
 1260 073c FF92      		push r15
 1261 073e 0F93      		push r16
 1262 0740 1F93      		push r17
 1263 0742 CF93      		push r28
 1264 0744 DF93      		push r29
 1265 0746 00D0      		rcall .
 1266 0748 00D0      		rcall .
 1267 074a 0F92      		push __tmp_reg__
 1268 074c CDB7      		in r28,__SP_L__
 1269 074e DEB7      		in r29,__SP_H__
 1270               	/* prologue: function */
 1271               	/* frame size = 5 */
 1272               	/* stack size = 14 */
 1273               	.L__stack_usage = 14
 1274 0750 082F      		mov r16,r24
 1275 0752 192F      		mov r17,r25
 1276 0754 B62E      		mov r11,r22
 1277 0756 C72E      		mov r12,r23
 1278 0758 5D83      		std Y+5,r21
 1279 075a 4C83      		std Y+4,r20
 1280               	/* #APP */
 1281               	 ;  1759 "FreeRTOS\queue.c" 1
 1282 075c 0FB6      		in		__tmp_reg__, __SREG__
 1283               	 ;  0 "" 2
 1284               	 ;  1759 "FreeRTOS\queue.c" 1
 1285 075e F894      		cli
 1286               	 ;  0 "" 2
 1287               	 ;  1759 "FreeRTOS\queue.c" 1
 1288 0760 0F92      		push	__tmp_reg__
 1289               	 ;  0 "" 2
 1290               	/* #NOAPP */
 1291 0762 F801      		movw r30,r16
 1292 0764 828D      		ldd r24,Z+26
 1293 0766 8111      		cpse r24,__zero_reg__
 1294 0768 00C0      		rjmp .L110
 1295 076a 20E0      		ldi r18,0
 1296 076c 7801      		movw r14,r16
 1297 076e F1E1      		ldi r31,17
 1298 0770 EF0E      		add r14,r31
 1299 0772 F11C      		adc r15,__zero_reg__
 1300 0774 DD24      		clr r13
 1301 0776 D394      		inc r13
 1302 0778 00C0      		rjmp .L111
 1303               	.L110:
 1304 077a F801      		movw r30,r16
 1305 077c E680      		ldd r14,Z+6
 1306 077e F780      		ldd r15,Z+7
 1307 0780 6B2D      		mov r22,r11
 1308 0782 7C2D      		mov r23,r12
 1309 0784 C801      		movw r24,r16
 1310 0786 0E94 0000 		call prvCopyDataFromQueue
 1311 078a F801      		movw r30,r16
 1312 078c F782      		std Z+7,r15
 1313 078e E682      		std Z+6,r14
 1314 0790 8189      		ldd r24,Z+17
 1315 0792 8111      		cpse r24,__zero_reg__
 1316 0794 00C0      		rjmp .L122
 1317               	.L112:
 1318               	/* #APP */
 1319               	 ;  1797 "FreeRTOS\queue.c" 1
 1320 0796 0F90      		pop		__tmp_reg__
 1321               	 ;  0 "" 2
 1322               	 ;  1797 "FreeRTOS\queue.c" 1
 1323 0798 0FBE      		out		__SREG__, __tmp_reg__
 1324               	 ;  0 "" 2
 1325               	/* #NOAPP */
 1326 079a 81E0      		ldi r24,lo8(1)
 1327               	.L109:
 1328               	/* epilogue start */
 1329 079c 0F90      		pop __tmp_reg__
 1330 079e 0F90      		pop __tmp_reg__
 1331 07a0 0F90      		pop __tmp_reg__
 1332 07a2 0F90      		pop __tmp_reg__
 1333 07a4 0F90      		pop __tmp_reg__
 1334 07a6 DF91      		pop r29
 1335 07a8 CF91      		pop r28
 1336 07aa 1F91      		pop r17
 1337 07ac 0F91      		pop r16
 1338 07ae FF90      		pop r15
 1339 07b0 EF90      		pop r14
 1340 07b2 DF90      		pop r13
 1341 07b4 CF90      		pop r12
 1342 07b6 BF90      		pop r11
 1343 07b8 0895      		ret
 1344               	.L122:
 1345 07ba C801      		movw r24,r16
 1346 07bc 4196      		adiw r24,17
 1347 07be 0E94 0000 		call xTaskRemoveFromEventList
 1348 07c2 8823      		tst r24
 1349 07c4 01F0      		breq .L112
 1350 07c6 0E94 0000 		call vPortYield
 1351 07ca 00C0      		rjmp .L112
 1352               	.L124:
 1353               	/* #APP */
 1354               	 ;  1806 "FreeRTOS\queue.c" 1
 1355 07cc 0F90      		pop		__tmp_reg__
 1356               	 ;  0 "" 2
 1357               	 ;  1806 "FreeRTOS\queue.c" 1
 1358 07ce 0FBE      		out		__SREG__, __tmp_reg__
 1359               	 ;  0 "" 2
 1360               	/* #NOAPP */
 1361 07d0 80E0      		ldi r24,0
 1362 07d2 00C0      		rjmp .L109
 1363               	.L125:
 1364 07d4 CE01      		movw r24,r28
 1365 07d6 0196      		adiw r24,1
 1366 07d8 0E94 0000 		call vTaskInternalSetTimeOutState
 1367 07dc 00C0      		rjmp .L115
 1368               	.L126:
 1369 07de 158E      		std Z+29,__zero_reg__
 1370 07e0 00C0      		rjmp .L116
 1371               	.L127:
 1372 07e2 168E      		std Z+30,__zero_reg__
 1373 07e4 00C0      		rjmp .L117
 1374               	.L119:
 1375 07e6 C801      		movw r24,r16
 1376 07e8 0E94 0000 		call prvUnlockQueue
 1377 07ec 0E94 0000 		call xTaskResumeAll
 1378 07f0 00C0      		rjmp .L120
 1379               	.L118:
 1380 07f2 C801      		movw r24,r16
 1381 07f4 0E94 0000 		call prvUnlockQueue
 1382 07f8 0E94 0000 		call xTaskResumeAll
 1383 07fc C801      		movw r24,r16
 1384 07fe 0E94 0000 		call prvIsQueueEmpty
 1385 0802 8111      		cpse r24,__zero_reg__
 1386 0804 00C0      		rjmp .L123
 1387               	.L120:
 1388               	/* #APP */
 1389               	 ;  1759 "FreeRTOS\queue.c" 1
 1390 0806 0FB6      		in		__tmp_reg__, __SREG__
 1391               	 ;  0 "" 2
 1392               	 ;  1759 "FreeRTOS\queue.c" 1
 1393 0808 F894      		cli
 1394               	 ;  0 "" 2
 1395               	 ;  1759 "FreeRTOS\queue.c" 1
 1396 080a 0F92      		push	__tmp_reg__
 1397               	 ;  0 "" 2
 1398               	/* #NOAPP */
 1399 080c F801      		movw r30,r16
 1400 080e 828D      		ldd r24,Z+26
 1401 0810 2D2D      		mov r18,r13
 1402 0812 8111      		cpse r24,__zero_reg__
 1403 0814 00C0      		rjmp .L110
 1404               	.L111:
 1405 0816 8C81      		ldd r24,Y+4
 1406 0818 9D81      		ldd r25,Y+5
 1407 081a 892B      		or r24,r25
 1408 081c 01F0      		breq .L124
 1409 081e 2223      		tst r18
 1410 0820 01F0      		breq .L125
 1411               	.L115:
 1412               	/* #APP */
 1413               	 ;  1825 "FreeRTOS\queue.c" 1
 1414 0822 0F90      		pop		__tmp_reg__
 1415               	 ;  0 "" 2
 1416               	 ;  1825 "FreeRTOS\queue.c" 1
 1417 0824 0FBE      		out		__SREG__, __tmp_reg__
 1418               	 ;  0 "" 2
 1419               	/* #NOAPP */
 1420 0826 0E94 0000 		call vTaskSuspendAll
 1421               	/* #APP */
 1422               	 ;  1831 "FreeRTOS\queue.c" 1
 1423 082a 0FB6      		in		__tmp_reg__, __SREG__
 1424               	 ;  0 "" 2
 1425               	 ;  1831 "FreeRTOS\queue.c" 1
 1426 082c F894      		cli
 1427               	 ;  0 "" 2
 1428               	 ;  1831 "FreeRTOS\queue.c" 1
 1429 082e 0F92      		push	__tmp_reg__
 1430               	 ;  0 "" 2
 1431               	/* #NOAPP */
 1432 0830 F801      		movw r30,r16
 1433 0832 858D      		ldd r24,Z+29
 1434 0834 8F3F      		cpi r24,lo8(-1)
 1435 0836 01F0      		breq .L126
 1436               	.L116:
 1437 0838 F801      		movw r30,r16
 1438 083a 868D      		ldd r24,Z+30
 1439 083c 8F3F      		cpi r24,lo8(-1)
 1440 083e 01F0      		breq .L127
 1441               	.L117:
 1442               	/* #APP */
 1443               	 ;  1831 "FreeRTOS\queue.c" 1
 1444 0840 0F90      		pop		__tmp_reg__
 1445               	 ;  0 "" 2
 1446               	 ;  1831 "FreeRTOS\queue.c" 1
 1447 0842 0FBE      		out		__SREG__, __tmp_reg__
 1448               	 ;  0 "" 2
 1449               	/* #NOAPP */
 1450 0844 BE01      		movw r22,r28
 1451 0846 6C5F      		subi r22,-4
 1452 0848 7F4F      		sbci r23,-1
 1453 084a CE01      		movw r24,r28
 1454 084c 0196      		adiw r24,1
 1455 084e 0E94 0000 		call xTaskCheckForTimeOut
 1456 0852 8111      		cpse r24,__zero_reg__
 1457 0854 00C0      		rjmp .L118
 1458 0856 C801      		movw r24,r16
 1459 0858 0E94 0000 		call prvIsQueueEmpty
 1460 085c 8823      		tst r24
 1461 085e 01F4      		brne .+2
 1462 0860 00C0      		rjmp .L119
 1463 0862 6C81      		ldd r22,Y+4
 1464 0864 7D81      		ldd r23,Y+5
 1465 0866 C701      		movw r24,r14
 1466 0868 0E94 0000 		call vTaskPlaceOnEventList
 1467 086c C801      		movw r24,r16
 1468 086e 0E94 0000 		call prvUnlockQueue
 1469 0872 0E94 0000 		call xTaskResumeAll
 1470 0876 8111      		cpse r24,__zero_reg__
 1471 0878 00C0      		rjmp .L120
 1472 087a 0E94 0000 		call vPortYield
 1473 087e 00C0      		rjmp .L120
 1474               	.L123:
 1475 0880 80E0      		ldi r24,0
 1476 0882 00C0      		rjmp .L109
 1478               	.global	xQueueReceiveFromISR
 1480               	xQueueReceiveFromISR:
 1481 0884 EF92      		push r14
 1482 0886 FF92      		push r15
 1483 0888 0F93      		push r16
 1484 088a 1F93      		push r17
 1485 088c CF93      		push r28
 1486 088e DF93      		push r29
 1487               	/* prologue: function */
 1488               	/* frame size = 0 */
 1489               	/* stack size = 6 */
 1490               	.L__stack_usage = 6
 1491 0890 C82F      		mov r28,r24
 1492 0892 D92F      		mov r29,r25
 1493 0894 042F      		mov r16,r20
 1494 0896 152F      		mov r17,r21
 1495 0898 FA8C      		ldd r15,Y+26
 1496 089a 80E0      		ldi r24,0
 1497 089c F110      		cpse r15,__zero_reg__
 1498 089e 00C0      		rjmp .L136
 1499               	.L128:
 1500               	/* epilogue start */
 1501 08a0 DF91      		pop r29
 1502 08a2 CF91      		pop r28
 1503 08a4 1F91      		pop r17
 1504 08a6 0F91      		pop r16
 1505 08a8 FF90      		pop r15
 1506 08aa EF90      		pop r14
 1507 08ac 0895      		ret
 1508               	.L136:
 1509 08ae ED8C      		ldd r14,Y+29
 1510 08b0 CE01      		movw r24,r28
 1511 08b2 0E94 0000 		call prvCopyDataFromQueue
 1512 08b6 FA94      		dec r15
 1513 08b8 FA8E      		std Y+26,r15
 1514 08ba 8FEF      		ldi r24,lo8(-1)
 1515 08bc E812      		cpse r14,r24
 1516 08be 00C0      		rjmp .L130
 1517 08c0 8885      		ldd r24,Y+8
 1518 08c2 8111      		cpse r24,__zero_reg__
 1519 08c4 00C0      		rjmp .L137
 1520 08c6 81E0      		ldi r24,lo8(1)
 1521 08c8 00C0      		rjmp .L128
 1522               	.L137:
 1523 08ca CE01      		movw r24,r28
 1524 08cc 0896      		adiw r24,8
 1525 08ce 0E94 0000 		call xTaskRemoveFromEventList
 1526 08d2 8823      		tst r24
 1527 08d4 01F0      		breq .L133
 1528 08d6 81E0      		ldi r24,lo8(1)
 1529 08d8 0115      		cp r16,__zero_reg__
 1530 08da 1105      		cpc r17,__zero_reg__
 1531 08dc 01F0      		breq .L128
 1532 08de 81E0      		ldi r24,lo8(1)
 1533 08e0 F801      		movw r30,r16
 1534 08e2 8083      		st Z,r24
 1535 08e4 00C0      		rjmp .L128
 1536               	.L130:
 1537 08e6 0E94 0000 		call uxTaskGetNumberOfTasks
 1538 08ea E816      		cp r14,r24
 1539 08ec 00F4      		brsh .L135
 1540 08ee E394      		inc r14
 1541 08f0 ED8E      		std Y+29,r14
 1542 08f2 81E0      		ldi r24,lo8(1)
 1543 08f4 00C0      		rjmp .L128
 1544               	.L133:
 1545 08f6 81E0      		ldi r24,lo8(1)
 1546 08f8 00C0      		rjmp .L128
 1547               	.L135:
 1548 08fa 81E0      		ldi r24,lo8(1)
 1549 08fc 00C0      		rjmp .L128
 1551               	.global	xQueuePeekFromISR
 1553               	xQueuePeekFromISR:
 1554 08fe 0F93      		push r16
 1555 0900 1F93      		push r17
 1556 0902 CF93      		push r28
 1557 0904 DF93      		push r29
 1558               	/* prologue: function */
 1559               	/* frame size = 0 */
 1560               	/* stack size = 4 */
 1561               	.L__stack_usage = 4
 1562 0906 C82F      		mov r28,r24
 1563 0908 D92F      		mov r29,r25
 1564 090a 8A8D      		ldd r24,Y+26
 1565 090c 8111      		cpse r24,__zero_reg__
 1566 090e 00C0      		rjmp .L141
 1567 0910 80E0      		ldi r24,0
 1568               	.L138:
 1569               	/* epilogue start */
 1570 0912 DF91      		pop r29
 1571 0914 CF91      		pop r28
 1572 0916 1F91      		pop r17
 1573 0918 0F91      		pop r16
 1574 091a 0895      		ret
 1575               	.L141:
 1576 091c 0E81      		ldd r16,Y+6
 1577 091e 1F81      		ldd r17,Y+7
 1578 0920 CE01      		movw r24,r28
 1579 0922 0E94 0000 		call prvCopyDataFromQueue
 1580 0926 1F83      		std Y+7,r17
 1581 0928 0E83      		std Y+6,r16
 1582 092a 81E0      		ldi r24,lo8(1)
 1583 092c 00C0      		rjmp .L138
 1585               	.global	uxQueueMessagesWaiting
 1587               	uxQueueMessagesWaiting:
 1588               	/* prologue: function */
 1589               	/* frame size = 0 */
 1590               	/* stack size = 0 */
 1591               	.L__stack_usage = 0
 1592 092e E82F      		mov r30,r24
 1593 0930 F92F      		mov r31,r25
 1594               	/* #APP */
 1595               	 ;  2036 "FreeRTOS\queue.c" 1
 1596 0932 0FB6      		in		__tmp_reg__, __SREG__
 1597               	 ;  0 "" 2
 1598               	 ;  2036 "FreeRTOS\queue.c" 1
 1599 0934 F894      		cli
 1600               	 ;  0 "" 2
 1601               	 ;  2036 "FreeRTOS\queue.c" 1
 1602 0936 0F92      		push	__tmp_reg__
 1603               	 ;  0 "" 2
 1604               	/* #NOAPP */
 1605 0938 828D      		ldd r24,Z+26
 1606               	/* #APP */
 1607               	 ;  2040 "FreeRTOS\queue.c" 1
 1608 093a 0F90      		pop		__tmp_reg__
 1609               	 ;  0 "" 2
 1610               	 ;  2040 "FreeRTOS\queue.c" 1
 1611 093c 0FBE      		out		__SREG__, __tmp_reg__
 1612               	 ;  0 "" 2
 1613               	/* #NOAPP */
 1614               	/* epilogue start */
 1615 093e 0895      		ret
 1617               	.global	uxQueueSpacesAvailable
 1619               	uxQueueSpacesAvailable:
 1620               	/* prologue: function */
 1621               	/* frame size = 0 */
 1622               	/* stack size = 0 */
 1623               	.L__stack_usage = 0
 1624 0940 E82F      		mov r30,r24
 1625 0942 F92F      		mov r31,r25
 1626               	/* #APP */
 1627               	 ;  2053 "FreeRTOS\queue.c" 1
 1628 0944 0FB6      		in		__tmp_reg__, __SREG__
 1629               	 ;  0 "" 2
 1630               	 ;  2053 "FreeRTOS\queue.c" 1
 1631 0946 F894      		cli
 1632               	 ;  0 "" 2
 1633               	 ;  2053 "FreeRTOS\queue.c" 1
 1634 0948 0F92      		push	__tmp_reg__
 1635               	 ;  0 "" 2
 1636               	/* #NOAPP */
 1637 094a 928D      		ldd r25,Z+26
 1638               	/* #APP */
 1639               	 ;  2057 "FreeRTOS\queue.c" 1
 1640 094c 0F90      		pop		__tmp_reg__
 1641               	 ;  0 "" 2
 1642               	 ;  2057 "FreeRTOS\queue.c" 1
 1643 094e 0FBE      		out		__SREG__, __tmp_reg__
 1644               	 ;  0 "" 2
 1645               	/* #NOAPP */
 1646 0950 838D      		ldd r24,Z+27
 1647 0952 891B      		sub r24,r25
 1648               	/* epilogue start */
 1649 0954 0895      		ret
 1651               	.global	uxQueueMessagesWaitingFromISR
 1653               	uxQueueMessagesWaitingFromISR:
 1654               	/* prologue: function */
 1655               	/* frame size = 0 */
 1656               	/* stack size = 0 */
 1657               	.L__stack_usage = 0
 1658 0956 E82F      		mov r30,r24
 1659 0958 F92F      		mov r31,r25
 1660 095a 828D      		ldd r24,Z+26
 1661               	/* epilogue start */
 1662 095c 0895      		ret
 1664               	.global	vQueueDelete
 1666               	vQueueDelete:
 1667               	/* prologue: function */
 1668               	/* frame size = 0 */
 1669               	/* stack size = 0 */
 1670               	.L__stack_usage = 0
 1671 095e 0E94 0000 		call vPortFree
 1672               	/* epilogue start */
 1673 0962 0895      		ret
 1675               	.global	xQueueIsQueueEmptyFromISR
 1677               	xQueueIsQueueEmptyFromISR:
 1678               	/* prologue: function */
 1679               	/* frame size = 0 */
 1680               	/* stack size = 0 */
 1681               	.L__stack_usage = 0
 1682 0964 E82F      		mov r30,r24
 1683 0966 F92F      		mov r31,r25
 1684 0968 928D      		ldd r25,Z+26
 1685 096a 81E0      		ldi r24,lo8(1)
 1686 096c 9111      		cpse r25,__zero_reg__
 1687 096e 80E0      		ldi r24,0
 1688               	.L147:
 1689               	/* epilogue start */
 1690 0970 0895      		ret
 1692               	.global	xQueueIsQueueFullFromISR
 1694               	xQueueIsQueueFullFromISR:
 1695               	/* prologue: function */
 1696               	/* frame size = 0 */
 1697               	/* stack size = 0 */
 1698               	.L__stack_usage = 0
 1699 0972 E82F      		mov r30,r24
 1700 0974 F92F      		mov r31,r25
 1701 0976 928D      		ldd r25,Z+26
 1702 0978 81E0      		ldi r24,lo8(1)
 1703 097a 238D      		ldd r18,Z+27
 1704 097c 2913      		cpse r18,r25
 1705 097e 80E0      		ldi r24,0
 1706               	.L149:
 1707               	/* epilogue start */
 1708 0980 0895      		ret
 1710               		.ident	"GCC: (GNU) 12.2.0"
DEFINED SYMBOLS
                            *ABS*:0000000000000000 queue.c
C:\Users\win10\AppData\Local\Temp\cckW8x4M.s:2      *ABS*:000000000000003e __SP_H__
C:\Users\win10\AppData\Local\Temp\cckW8x4M.s:3      *ABS*:000000000000003d __SP_L__
C:\Users\win10\AppData\Local\Temp\cckW8x4M.s:4      *ABS*:000000000000003f __SREG__
C:\Users\win10\AppData\Local\Temp\cckW8x4M.s:5      *ABS*:0000000000000000 __tmp_reg__
C:\Users\win10\AppData\Local\Temp\cckW8x4M.s:6      *ABS*:0000000000000001 __zero_reg__
C:\Users\win10\AppData\Local\Temp\cckW8x4M.s:9      .text:0000000000000000 prvIsQueueEmpty
C:\Users\win10\AppData\Local\Temp\cckW8x4M.s:44     .text:0000000000000018 prvCopyDataToQueue
C:\Users\win10\AppData\Local\Temp\cckW8x4M.s:133    .text:00000000000000b6 prvCopyDataFromQueue
C:\Users\win10\AppData\Local\Temp\cckW8x4M.s:170    .text:00000000000000ee prvUnlockQueue
C:\Users\win10\AppData\Local\Temp\cckW8x4M.s:283    .text:0000000000000186 xQueueGenericReset
C:\Users\win10\AppData\Local\Temp\cckW8x4M.s:294    .text:0000000000000194 L0
C:\Users\win10\AppData\Local\Temp\cckW8x4M.s:379    .text:0000000000000216 xQueueGenericCreate
C:\Users\win10\AppData\Local\Temp\cckW8x4M.s:427    .text:0000000000000264 xQueueGenericSend
C:\Users\win10\AppData\Local\Temp\cckW8x4M.s:438    .text:000000000000027a L0
C:\Users\win10\AppData\Local\Temp\cckW8x4M.s:439    .text:000000000000027c L0
C:\Users\win10\AppData\Local\Temp\cckW8x4M.s:575    .text:0000000000000342 L0
C:\Users\win10\AppData\Local\Temp\cckW8x4M.s:675    .text:00000000000003c4 xQueueGenericSendFromISR
C:\Users\win10\AppData\Local\Temp\cckW8x4M.s:749    .text:0000000000000440 xQueueGiveFromISR
C:\Users\win10\AppData\Local\Temp\cckW8x4M.s:819    .text:00000000000004b2 xQueueReceive
C:\Users\win10\AppData\Local\Temp\cckW8x4M.s:830    .text:00000000000004c8 L0
C:\Users\win10\AppData\Local\Temp\cckW8x4M.s:831    .text:00000000000004ca L0
C:\Users\win10\AppData\Local\Temp\cckW8x4M.s:1024   .text:00000000000005dc L0
C:\Users\win10\AppData\Local\Temp\cckW8x4M.s:1043   .text:0000000000000600 xQueueSemaphoreTake
C:\Users\win10\AppData\Local\Temp\cckW8x4M.s:1051   .text:0000000000000610 L0
C:\Users\win10\AppData\Local\Temp\cckW8x4M.s:1052   .text:0000000000000612 L0
C:\Users\win10\AppData\Local\Temp\cckW8x4M.s:1236   .text:0000000000000710 L0
C:\Users\win10\AppData\Local\Temp\cckW8x4M.s:1255   .text:0000000000000734 xQueuePeek
C:\Users\win10\AppData\Local\Temp\cckW8x4M.s:1265   .text:0000000000000748 L0
C:\Users\win10\AppData\Local\Temp\cckW8x4M.s:1266   .text:000000000000074a L0
C:\Users\win10\AppData\Local\Temp\cckW8x4M.s:1461   .text:0000000000000860 L0
C:\Users\win10\AppData\Local\Temp\cckW8x4M.s:1480   .text:0000000000000884 xQueueReceiveFromISR
C:\Users\win10\AppData\Local\Temp\cckW8x4M.s:1553   .text:00000000000008fe xQueuePeekFromISR
C:\Users\win10\AppData\Local\Temp\cckW8x4M.s:1587   .text:000000000000092e uxQueueMessagesWaiting
C:\Users\win10\AppData\Local\Temp\cckW8x4M.s:1619   .text:0000000000000940 uxQueueSpacesAvailable
C:\Users\win10\AppData\Local\Temp\cckW8x4M.s:1653   .text:0000000000000956 uxQueueMessagesWaitingFromISR
C:\Users\win10\AppData\Local\Temp\cckW8x4M.s:1666   .text:000000000000095e vQueueDelete
C:\Users\win10\AppData\Local\Temp\cckW8x4M.s:1677   .text:0000000000000964 xQueueIsQueueEmptyFromISR
C:\Users\win10\AppData\Local\Temp\cckW8x4M.s:1694   .text:0000000000000972 xQueueIsQueueFullFromISR
C:\Users\win10\AppData\Local\Temp\cckW8x4M.s:116    .text:000000000000009e .L4
C:\Users\win10\AppData\Local\Temp\cckW8x4M.s:84     .text:0000000000000060 .L5
C:\Users\win10\AppData\Local\Temp\cckW8x4M.s:113    .text:000000000000009a .L6
C:\Users\win10\AppData\Local\Temp\cckW8x4M.s:126    .text:00000000000000ae .L7
C:\Users\win10\AppData\Local\Temp\cckW8x4M.s:165    .text:00000000000000ec .L8
C:\Users\win10\AppData\Local\Temp\cckW8x4M.s:161    .text:00000000000000e4 .L10
C:\Users\win10\AppData\Local\Temp\cckW8x4M.s:217    .text:0000000000000132 .L12
C:\Users\win10\AppData\Local\Temp\cckW8x4M.s:206    .text:000000000000011a .L14
C:\Users\win10\AppData\Local\Temp\cckW8x4M.s:202    .text:0000000000000114 .L13
C:\Users\win10\AppData\Local\Temp\cckW8x4M.s:261    .text:0000000000000170 .L15
C:\Users\win10\AppData\Local\Temp\cckW8x4M.s:250    .text:0000000000000158 .L17
C:\Users\win10\AppData\Local\Temp\cckW8x4M.s:246    .text:0000000000000152 .L16
C:\Users\win10\AppData\Local\Temp\cckW8x4M.s:371    .text:0000000000000210 .L20
C:\Users\win10\AppData\Local\Temp\cckW8x4M.s:369    .text:000000000000020e .L25
C:\Users\win10\AppData\Local\Temp\cckW8x4M.s:361    .text:00000000000001fc .L22
C:\Users\win10\AppData\Local\Temp\cckW8x4M.s:353    .text:00000000000001ea .L26
C:\Users\win10\AppData\Local\Temp\cckW8x4M.s:342    .text:00000000000001e2 .L23
C:\Users\win10\AppData\Local\Temp\cckW8x4M.s:416    .text:0000000000000258 .L27
C:\Users\win10\AppData\Local\Temp\cckW8x4M.s:408    .text:0000000000000248 .L29
C:\Users\win10\AppData\Local\Temp\cckW8x4M.s:481    .text:00000000000002b6 .L33
C:\Users\win10\AppData\Local\Temp\cckW8x4M.s:577    .text:0000000000000344 .L34
C:\Users\win10\AppData\Local\Temp\cckW8x4M.s:521    .text:00000000000002f4 .L46
C:\Users\win10\AppData\Local\Temp\cckW8x4M.s:529    .text:0000000000000306 .L47
C:\Users\win10\AppData\Local\Temp\cckW8x4M.s:493    .text:00000000000002ce .L36
C:\Users\win10\AppData\Local\Temp\cckW8x4M.s:503    .text:00000000000002d4 .L32
C:\Users\win10\AppData\Local\Temp\cckW8x4M.s:584    .text:0000000000000350 .L39
C:\Users\win10\AppData\Local\Temp\cckW8x4M.s:609    .text:0000000000000366 .L40
C:\Users\win10\AppData\Local\Temp\cckW8x4M.s:614    .text:000000000000036e .L41
C:\Users\win10\AppData\Local\Temp\cckW8x4M.s:532    .text:000000000000030c .L48
C:\Users\win10\AppData\Local\Temp\cckW8x4M.s:543    .text:0000000000000314 .L49
C:\Users\win10\AppData\Local\Temp\cckW8x4M.s:548    .text:000000000000031e .L50
C:\Users\win10\AppData\Local\Temp\cckW8x4M.s:551    .text:0000000000000322 .L51
C:\Users\win10\AppData\Local\Temp\cckW8x4M.s:666    .text:00000000000003b6 .L42
C:\Users\win10\AppData\Local\Temp\cckW8x4M.s:554    .text:0000000000000326 .L43
C:\Users\win10\AppData\Local\Temp\cckW8x4M.s:558    .text:0000000000000330 .L44
C:\Users\win10\AppData\Local\Temp\cckW8x4M.s:705    .text:00000000000003f2 .L53
C:\Users\win10\AppData\Local\Temp\cckW8x4M.s:732    .text:0000000000000428 .L55
C:\Users\win10\AppData\Local\Temp\cckW8x4M.s:718    .text:000000000000040c .L61
C:\Users\win10\AppData\Local\Temp\cckW8x4M.s:697    .text:00000000000003e6 .L52
C:\Users\win10\AppData\Local\Temp\cckW8x4M.s:740    .text:0000000000000438 .L58
C:\Users\win10\AppData\Local\Temp\cckW8x4M.s:743    .text:000000000000043c .L60
C:\Users\win10\AppData\Local\Temp\cckW8x4M.s:800    .text:000000000000049c .L65
C:\Users\win10\AppData\Local\Temp\cckW8x4M.s:792    .text:000000000000048c .L64
C:\Users\win10\AppData\Local\Temp\cckW8x4M.s:778    .text:0000000000000470 .L70
C:\Users\win10\AppData\Local\Temp\cckW8x4M.s:802    .text:000000000000049e .L62
C:\Users\win10\AppData\Local\Temp\cckW8x4M.s:810    .text:00000000000004aa .L67
C:\Users\win10\AppData\Local\Temp\cckW8x4M.s:813    .text:00000000000004ae .L69
C:\Users\win10\AppData\Local\Temp\cckW8x4M.s:868    .text:00000000000004fa .L72
C:\Users\win10\AppData\Local\Temp\cckW8x4M.s:967    .text:0000000000000592 .L73
C:\Users\win10\AppData\Local\Temp\cckW8x4M.s:907    .text:0000000000000536 .L84
C:\Users\win10\AppData\Local\Temp\cckW8x4M.s:879    .text:0000000000000510 .L74
C:\Users\win10\AppData\Local\Temp\cckW8x4M.s:889    .text:0000000000000516 .L71
C:\Users\win10\AppData\Local\Temp\cckW8x4M.s:974    .text:000000000000059e .L77
C:\Users\win10\AppData\Local\Temp\cckW8x4M.s:999    .text:00000000000005b4 .L78
C:\Users\win10\AppData\Local\Temp\cckW8x4M.s:1004   .text:00000000000005bc .L79
C:\Users\win10\AppData\Local\Temp\cckW8x4M.s:950    .text:0000000000000582 .L82
C:\Users\win10\AppData\Local\Temp\cckW8x4M.s:1037   .text:00000000000005fc .L85
C:\Users\win10\AppData\Local\Temp\cckW8x4M.s:915    .text:0000000000000548 .L86
C:\Users\win10\AppData\Local\Temp\cckW8x4M.s:926    .text:0000000000000550 .L87
C:\Users\win10\AppData\Local\Temp\cckW8x4M.s:931    .text:000000000000055a .L88
C:\Users\win10\AppData\Local\Temp\cckW8x4M.s:934    .text:000000000000055e .L89
C:\Users\win10\AppData\Local\Temp\cckW8x4M.s:942    .text:000000000000056e .L80
C:\Users\win10\AppData\Local\Temp\cckW8x4M.s:937    .text:0000000000000562 .L81
C:\Users\win10\AppData\Local\Temp\cckW8x4M.s:1087   .text:000000000000063e .L91
C:\Users\win10\AppData\Local\Temp\cckW8x4M.s:1179   .text:00000000000006c6 .L92
C:\Users\win10\AppData\Local\Temp\cckW8x4M.s:1119   .text:000000000000066a .L103
C:\Users\win10\AppData\Local\Temp\cckW8x4M.s:1094   .text:000000000000064a .L93
C:\Users\win10\AppData\Local\Temp\cckW8x4M.s:1104   .text:0000000000000650 .L90
C:\Users\win10\AppData\Local\Temp\cckW8x4M.s:1186   .text:00000000000006d2 .L96
C:\Users\win10\AppData\Local\Temp\cckW8x4M.s:1211   .text:00000000000006e8 .L97
C:\Users\win10\AppData\Local\Temp\cckW8x4M.s:1216   .text:00000000000006f0 .L98
C:\Users\win10\AppData\Local\Temp\cckW8x4M.s:1162   .text:00000000000006b6 .L101
C:\Users\win10\AppData\Local\Temp\cckW8x4M.s:1249   .text:0000000000000730 .L104
C:\Users\win10\AppData\Local\Temp\cckW8x4M.s:1127   .text:000000000000067c .L105
C:\Users\win10\AppData\Local\Temp\cckW8x4M.s:1138   .text:0000000000000684 .L106
C:\Users\win10\AppData\Local\Temp\cckW8x4M.s:1143   .text:000000000000068e .L107
C:\Users\win10\AppData\Local\Temp\cckW8x4M.s:1146   .text:0000000000000692 .L108
C:\Users\win10\AppData\Local\Temp\cckW8x4M.s:1154   .text:00000000000006a2 .L99
C:\Users\win10\AppData\Local\Temp\cckW8x4M.s:1149   .text:0000000000000696 .L100
C:\Users\win10\AppData\Local\Temp\cckW8x4M.s:1303   .text:000000000000077a .L110
C:\Users\win10\AppData\Local\Temp\cckW8x4M.s:1404   .text:0000000000000816 .L111
C:\Users\win10\AppData\Local\Temp\cckW8x4M.s:1344   .text:00000000000007ba .L122
C:\Users\win10\AppData\Local\Temp\cckW8x4M.s:1317   .text:0000000000000796 .L112
C:\Users\win10\AppData\Local\Temp\cckW8x4M.s:1327   .text:000000000000079c .L109
C:\Users\win10\AppData\Local\Temp\cckW8x4M.s:1411   .text:0000000000000822 .L115
C:\Users\win10\AppData\Local\Temp\cckW8x4M.s:1436   .text:0000000000000838 .L116
C:\Users\win10\AppData\Local\Temp\cckW8x4M.s:1441   .text:0000000000000840 .L117
C:\Users\win10\AppData\Local\Temp\cckW8x4M.s:1387   .text:0000000000000806 .L120
C:\Users\win10\AppData\Local\Temp\cckW8x4M.s:1474   .text:0000000000000880 .L123
C:\Users\win10\AppData\Local\Temp\cckW8x4M.s:1352   .text:00000000000007cc .L124
C:\Users\win10\AppData\Local\Temp\cckW8x4M.s:1363   .text:00000000000007d4 .L125
C:\Users\win10\AppData\Local\Temp\cckW8x4M.s:1368   .text:00000000000007de .L126
C:\Users\win10\AppData\Local\Temp\cckW8x4M.s:1371   .text:00000000000007e2 .L127
C:\Users\win10\AppData\Local\Temp\cckW8x4M.s:1379   .text:00000000000007f2 .L118
C:\Users\win10\AppData\Local\Temp\cckW8x4M.s:1374   .text:00000000000007e6 .L119
C:\Users\win10\AppData\Local\Temp\cckW8x4M.s:1508   .text:00000000000008ae .L136
C:\Users\win10\AppData\Local\Temp\cckW8x4M.s:1536   .text:00000000000008e6 .L130
C:\Users\win10\AppData\Local\Temp\cckW8x4M.s:1522   .text:00000000000008ca .L137
C:\Users\win10\AppData\Local\Temp\cckW8x4M.s:1499   .text:00000000000008a0 .L128
C:\Users\win10\AppData\Local\Temp\cckW8x4M.s:1544   .text:00000000000008f6 .L133
C:\Users\win10\AppData\Local\Temp\cckW8x4M.s:1547   .text:00000000000008fa .L135
C:\Users\win10\AppData\Local\Temp\cckW8x4M.s:1575   .text:000000000000091c .L141
C:\Users\win10\AppData\Local\Temp\cckW8x4M.s:1568   .text:0000000000000912 .L138

UNDEFINED SYMBOLS
memcpy
xTaskRemoveFromEventList
vTaskMissedYield
vPortYield
vListInitialise
pvPortMalloc
vTaskInternalSetTimeOutState
xTaskResumeAll
vTaskSuspendAll
xTaskCheckForTimeOut
vTaskPlaceOnEventList
uxTaskGetNumberOfTasks
vPortFree
