   1               		.file	"usart.c"
   2               	__SP_H__ = 0x3e
   3               	__SP_L__ = 0x3d
   4               	__SREG__ = 0x3f
   5               	__tmp_reg__ = 0
   6               	__zero_reg__ = 1
   7               		.text
   8               	.global	usart_printf
  10               	usart_printf:
  11 0000 CF93      		push r28
  12               	/* prologue: function */
  13               	/* frame size = 0 */
  14               	/* stack size = 1 */
  15               	.L__stack_usage = 1
  16 0002 C82F      		mov r28,r24
  17 0004 8A30      		cpi r24,lo8(10)
  18 0006 01F0      		breq .L5
  19               	.L2:
  20 0008 E0EC      		ldi r30,lo8(-64)
  21 000a F0E0      		ldi r31,0
  22               	.L3:
  23 000c 9081      		ld r25,Z
  24 000e 95FF      		sbrs r25,5
  25 0010 00C0      		rjmp .L3
  26 0012 C093 C600 		sts 198,r28
  27 0016 80E0      		ldi r24,0
  28 0018 90E0      		ldi r25,0
  29               	/* epilogue start */
  30 001a CF91      		pop r28
  31 001c 0895      		ret
  32               	.L5:
  33 001e 8DE0      		ldi r24,lo8(13)
  34 0020 0E94 0000 		call usart_printf
  35 0024 00C0      		rjmp .L2
  37               	.global	usart_init
  39               	usart_init:
  40               	/* prologue: function */
  41               	/* frame size = 0 */
  42               	/* stack size = 0 */
  43               	.L__stack_usage = 0
  44 0026 362F      		mov r19,r22
  45 0028 462F      		mov r20,r22
  46 002a 572F      		mov r21,r23
  47 002c 682F      		mov r22,r24
  48 002e 792F      		mov r23,r25
  49 0030 BB27      		clr r27
  50 0032 A72F      		mov r26,r23
  51 0034 962F      		mov r25,r22
  52 0036 852F      		mov r24,r21
  53 0038 8093 C500 		sts 197,r24
  54 003c 3093 C400 		sts 196,r19
  55 0040 82E0      		ldi r24,lo8(2)
  56 0042 8093 C000 		sts 192,r24
  57 0046 E1EC      		ldi r30,lo8(-63)
  58 0048 F0E0      		ldi r31,0
  59 004a 88E1      		ldi r24,lo8(24)
  60 004c 8083      		st Z,r24
  61 004e 86E0      		ldi r24,lo8(6)
  62 0050 8093 C200 		sts 194,r24
  63 0054 8081      		ld r24,Z
  64 0056 8068      		ori r24,lo8(-128)
  65 0058 8083      		st Z,r24
  66 005a 80E0      		ldi r24,lo8(USART_stream)
  67 005c 90E0      		ldi r25,hi8(USART_stream)
  68 005e 9093 0000 		sts __iob+2+1,r25
  69 0062 8093 0000 		sts __iob+2,r24
  70               	/* epilogue start */
  71 0066 0895      		ret
  73               	.global	usart_transmit_byte
  75               	usart_transmit_byte:
  76               	/* prologue: function */
  77               	/* frame size = 0 */
  78               	/* stack size = 0 */
  79               	.L__stack_usage = 0
  80 0068 E0EC      		ldi r30,lo8(-64)
  81 006a F0E0      		ldi r31,0
  82               	.L8:
  83 006c 9081      		ld r25,Z
  84 006e 95FF      		sbrs r25,5
  85 0070 00C0      		rjmp .L8
  86 0072 8093 C600 		sts 198,r24
  87               	/* epilogue start */
  88 0076 0895      		ret
  90               	.global	usart_transmit_data
  92               	usart_transmit_data:
  93 0078 0F93      		push r16
  94 007a 1F93      		push r17
  95 007c CF93      		push r28
  96 007e DF93      		push r29
  97               	/* prologue: function */
  98               	/* frame size = 0 */
  99               	/* stack size = 4 */
 100               	.L__stack_usage = 4
 101 0080 C82F      		mov r28,r24
 102 0082 D92F      		mov r29,r25
 103 0084 062F      		mov r16,r22
 104 0086 172F      		mov r17,r23
 105 0088 0115      		cp r16,__zero_reg__
 106 008a 1105      		cpc r17,__zero_reg__
 107 008c 01F0      		breq .L10
 108 008e 0C0F      		add r16,r28
 109 0090 1D1F      		adc r17,r29
 110               	.L12:
 111 0092 FE01      		movw r30,r28
 112 0094 2196      		adiw r28,1
 113 0096 8081      		ld r24,Z
 114 0098 0E94 0000 		call usart_transmit_byte
 115 009c 0C17      		cp r16,r28
 116 009e 1D07      		cpc r17,r29
 117 00a0 01F4      		brne .L12
 118               	.L10:
 119               	/* epilogue start */
 120 00a2 DF91      		pop r29
 121 00a4 CF91      		pop r28
 122 00a6 1F91      		pop r17
 123 00a8 0F91      		pop r16
 124 00aa 0895      		ret
 126               		.data
 129               	USART_stream:
 130 0000 0000 00   		.zero	3
 131 0003 02        		.byte	2
 132 0004 0000 0000 		.zero	4
 133 0008 0000      		.word	gs(usart_printf)
 134 000a 0000      		.word	0
 135 000c 0000      		.word	0
 136               		.ident	"GCC: (GNU) 12.2.0"
 137               	.global __do_copy_data
DEFINED SYMBOLS
                            *ABS*:0000000000000000 usart.c
C:\Users\win10\AppData\Local\Temp\cce7ufZm.s:2      *ABS*:000000000000003e __SP_H__
C:\Users\win10\AppData\Local\Temp\cce7ufZm.s:3      *ABS*:000000000000003d __SP_L__
C:\Users\win10\AppData\Local\Temp\cce7ufZm.s:4      *ABS*:000000000000003f __SREG__
C:\Users\win10\AppData\Local\Temp\cce7ufZm.s:5      *ABS*:0000000000000000 __tmp_reg__
C:\Users\win10\AppData\Local\Temp\cce7ufZm.s:6      *ABS*:0000000000000001 __zero_reg__
C:\Users\win10\AppData\Local\Temp\cce7ufZm.s:10     .text:0000000000000000 usart_printf
C:\Users\win10\AppData\Local\Temp\cce7ufZm.s:39     .text:0000000000000026 usart_init
C:\Users\win10\AppData\Local\Temp\cce7ufZm.s:129    .data:0000000000000000 USART_stream
C:\Users\win10\AppData\Local\Temp\cce7ufZm.s:75     .text:0000000000000068 usart_transmit_byte
C:\Users\win10\AppData\Local\Temp\cce7ufZm.s:92     .text:0000000000000078 usart_transmit_data
C:\Users\win10\AppData\Local\Temp\cce7ufZm.s:32     .text:000000000000001e .L5
C:\Users\win10\AppData\Local\Temp\cce7ufZm.s:22     .text:000000000000000c .L3
C:\Users\win10\AppData\Local\Temp\cce7ufZm.s:19     .text:0000000000000008 .L2
C:\Users\win10\AppData\Local\Temp\cce7ufZm.s:82     .text:000000000000006c .L8
C:\Users\win10\AppData\Local\Temp\cce7ufZm.s:118    .text:00000000000000a2 .L10
C:\Users\win10\AppData\Local\Temp\cce7ufZm.s:110    .text:0000000000000092 .L12

UNDEFINED SYMBOLS
__iob
__do_copy_data
